<?xml version="1.0" encoding="UTF-8"?>
<testsuite xmlns:xsi="http://www.w3.org/2001/XMLSchema-instance" xsi:noNamespaceSchemaLocation="https://maven.apache.org/surefire/maven-surefire-plugin/xsd/surefire-test-report-3.0.xsd" version="3.0" name="ca.gc.cra.radar.application.pipeline.OfflineCaptureIntegrationTest" time="0.149" tests="2" errors="0" skipped="0" failures="0">
  <properties>
    <property name="java.specification.version" value="25"/>
    <property name="sun.cpu.isalist" value="amd64"/>
    <property name="sun.jnu.encoding" value="Cp1252"/>
    <property name="java.class.path" value="D:\radar\test-code\target\test-classes;D:\radar\test-code\target\classes;C:\Users\andre\.m2\repository\org\slf4j\slf4j-api\2.0.13\slf4j-api-2.0.13.jar;C:\Users\andre\.m2\repository\ch\qos\logback\logback-classic\1.4.14\logback-classic-1.4.14.jar;C:\Users\andre\.m2\repository\ch\qos\logback\logback-core\1.4.14\logback-core-1.4.14.jar;C:\Users\andre\.m2\repository\org\apache\kafka\kafka-clients\2.8.2\kafka-clients-2.8.2.jar;C:\Users\andre\.m2\repository\com\github\luben\zstd-jni\1.4.9-1\zstd-jni-1.4.9-1.jar;C:\Users\andre\.m2\repository\org\lz4\lz4-java\1.7.1\lz4-java-1.7.1.jar;C:\Users\andre\.m2\repository\org\xerial\snappy\snappy-java\1.1.8.1\snappy-java-1.1.8.1.jar;C:\Users\andre\.m2\repository\io\opentelemetry\opentelemetry-api\1.36.0\opentelemetry-api-1.36.0.jar;C:\Users\andre\.m2\repository\io\opentelemetry\opentelemetry-context\1.36.0\opentelemetry-context-1.36.0.jar;C:\Users\andre\.m2\repository\io\opentelemetry\opentelemetry-sdk\1.36.0\opentelemetry-sdk-1.36.0.jar;C:\Users\andre\.m2\repository\io\opentelemetry\opentelemetry-sdk-common\1.36.0\opentelemetry-sdk-common-1.36.0.jar;C:\Users\andre\.m2\repository\io\opentelemetry\opentelemetry-sdk-trace\1.36.0\opentelemetry-sdk-trace-1.36.0.jar;C:\Users\andre\.m2\repository\io\opentelemetry\opentelemetry-extension-incubator\1.36.0-alpha\opentelemetry-extension-incubator-1.36.0-alpha.jar;C:\Users\andre\.m2\repository\io\opentelemetry\opentelemetry-sdk-metrics\1.36.0\opentelemetry-sdk-metrics-1.36.0.jar;C:\Users\andre\.m2\repository\io\opentelemetry\opentelemetry-sdk-logs\1.36.0\opentelemetry-sdk-logs-1.36.0.jar;C:\Users\andre\.m2\repository\io\opentelemetry\opentelemetry-api-events\1.36.0-alpha\opentelemetry-api-events-1.36.0-alpha.jar;C:\Users\andre\.m2\repository\io\opentelemetry\opentelemetry-exporter-otlp\1.36.0\opentelemetry-exporter-otlp-1.36.0.jar;C:\Users\andre\.m2\repository\io\opentelemetry\opentelemetry-exporter-otlp-common\1.36.0\opentelemetry-exporter-otlp-common-1.36.0.jar;C:\Users\andre\.m2\repository\io\opentelemetry\opentelemetry-exporter-common\1.36.0\opentelemetry-exporter-common-1.36.0.jar;C:\Users\andre\.m2\repository\io\opentelemetry\opentelemetry-exporter-sender-okhttp\1.36.0\opentelemetry-exporter-sender-okhttp-1.36.0.jar;C:\Users\andre\.m2\repository\com\squareup\okhttp3\okhttp\4.12.0\okhttp-4.12.0.jar;C:\Users\andre\.m2\repository\com\squareup\okio\okio\3.6.0\okio-3.6.0.jar;C:\Users\andre\.m2\repository\com\squareup\okio\okio-jvm\3.6.0\okio-jvm-3.6.0.jar;C:\Users\andre\.m2\repository\org\jetbrains\kotlin\kotlin-stdlib-common\1.9.10\kotlin-stdlib-common-1.9.10.jar;C:\Users\andre\.m2\repository\org\jetbrains\kotlin\kotlin-stdlib-jdk8\1.8.21\kotlin-stdlib-jdk8-1.8.21.jar;C:\Users\andre\.m2\repository\org\jetbrains\kotlin\kotlin-stdlib\1.8.21\kotlin-stdlib-1.8.21.jar;C:\Users\andre\.m2\repository\org\jetbrains\annotations\13.0\annotations-13.0.jar;C:\Users\andre\.m2\repository\org\jetbrains\kotlin\kotlin-stdlib-jdk7\1.8.21\kotlin-stdlib-jdk7-1.8.21.jar;C:\Users\andre\.m2\repository\io\opentelemetry\opentelemetry-sdk-extension-autoconfigure-spi\1.36.0\opentelemetry-sdk-extension-autoconfigure-spi-1.36.0.jar;C:\Users\andre\.m2\repository\com\github\jnr\jnr-ffi\2.2.12\jnr-ffi-2.2.12.jar;C:\Users\andre\.m2\repository\com\github\jnr\jffi\1.3.9\jffi-1.3.9.jar;C:\Users\andre\.m2\repository\com\github\jnr\jffi\1.3.9\jffi-1.3.9-native.jar;C:\Users\andre\.m2\repository\org\ow2\asm\asm\9.2\asm-9.2.jar;C:\Users\andre\.m2\repository\org\ow2\asm\asm-commons\9.2\asm-commons-9.2.jar;C:\Users\andre\.m2\repository\org\ow2\asm\asm-analysis\9.2\asm-analysis-9.2.jar;C:\Users\andre\.m2\repository\org\ow2\asm\asm-tree\9.2\asm-tree-9.2.jar;C:\Users\andre\.m2\repository\org\ow2\asm\asm-util\9.2\asm-util-9.2.jar;C:\Users\andre\.m2\repository\com\github\jnr\jnr-a64asm\1.0.0\jnr-a64asm-1.0.0.jar;C:\Users\andre\.m2\repository\com\github\jnr\jnr-x86asm\1.0.2\jnr-x86asm-1.0.2.jar;C:\Users\andre\.m2\repository\io\opentelemetry\opentelemetry-sdk-testing\1.36.0\opentelemetry-sdk-testing-1.36.0.jar;C:\Users\andre\.m2\repository\org\junit\jupiter\junit-jupiter\5.9.3\junit-jupiter-5.9.3.jar;C:\Users\andre\.m2\repository\org\junit\jupiter\junit-jupiter-api\5.9.3\junit-jupiter-api-5.9.3.jar;C:\Users\andre\.m2\repository\org\opentest4j\opentest4j\1.2.0\opentest4j-1.2.0.jar;C:\Users\andre\.m2\repository\org\junit\platform\junit-platform-commons\1.9.3\junit-platform-commons-1.9.3.jar;C:\Users\andre\.m2\repository\org\apiguardian\apiguardian-api\1.1.2\apiguardian-api-1.1.2.jar;C:\Users\andre\.m2\repository\org\junit\jupiter\junit-jupiter-params\5.9.3\junit-jupiter-params-5.9.3.jar;C:\Users\andre\.m2\repository\org\junit\jupiter\junit-jupiter-engine\5.9.3\junit-jupiter-engine-5.9.3.jar;C:\Users\andre\.m2\repository\org\junit\platform\junit-platform-engine\1.9.3\junit-platform-engine-1.9.3.jar;C:\Users\andre\.m2\repository\org\openjdk\jmh\jmh-core\1.36\jmh-core-1.36.jar;C:\Users\andre\.m2\repository\net\sf\jopt-simple\jopt-simple\5.0.4\jopt-simple-5.0.4.jar;C:\Users\andre\.m2\repository\org\apache\commons\commons-math3\3.2\commons-math3-3.2.jar;C:\Users\andre\.m2\repository\org\openjdk\jmh\jmh-generator-annprocess\1.36\jmh-generator-annprocess-1.36.jar;"/>
    <property name="java.vm.vendor" value="Oracle Corporation"/>
    <property name="jna.library.path" value="C:\Windows\System32\Npcap"/>
    <property name="sun.arch.data.model" value="64"/>
    <property name="user.variant" value=""/>
    <property name="java.vendor.url" value="https://java.oracle.com/"/>
    <property name="user.timezone" value="America/Halifax"/>
    <property name="os.name" value="Windows 10"/>
    <property name="java.vm.specification.version" value="25"/>
    <property name="sun.java.launcher" value="SUN_STANDARD"/>
    <property name="user.country" value="CA"/>
    <property name="sun.boot.library.path" value="d:\JDKs\java25\bin"/>
    <property name="sun.java.command" value="C:\Users\andre\AppData\Local\Temp\surefire5203370389983097382\surefirebooter-20250926062406473_3.jar C:\Users\andre\AppData\Local\Temp\surefire5203370389983097382 2025-09-26T06-24-06_338-jvmRun1 surefire-20250926062406473_1tmp surefire_0-20250926062406473_2tmp"/>
    <property name="jdk.debug" value="release"/>
    <property name="surefire.test.class.path" value="D:\radar\test-code\target\test-classes;D:\radar\test-code\target\classes;C:\Users\andre\.m2\repository\org\slf4j\slf4j-api\2.0.13\slf4j-api-2.0.13.jar;C:\Users\andre\.m2\repository\ch\qos\logback\logback-classic\1.4.14\logback-classic-1.4.14.jar;C:\Users\andre\.m2\repository\ch\qos\logback\logback-core\1.4.14\logback-core-1.4.14.jar;C:\Users\andre\.m2\repository\org\apache\kafka\kafka-clients\2.8.2\kafka-clients-2.8.2.jar;C:\Users\andre\.m2\repository\com\github\luben\zstd-jni\1.4.9-1\zstd-jni-1.4.9-1.jar;C:\Users\andre\.m2\repository\org\lz4\lz4-java\1.7.1\lz4-java-1.7.1.jar;C:\Users\andre\.m2\repository\org\xerial\snappy\snappy-java\1.1.8.1\snappy-java-1.1.8.1.jar;C:\Users\andre\.m2\repository\io\opentelemetry\opentelemetry-api\1.36.0\opentelemetry-api-1.36.0.jar;C:\Users\andre\.m2\repository\io\opentelemetry\opentelemetry-context\1.36.0\opentelemetry-context-1.36.0.jar;C:\Users\andre\.m2\repository\io\opentelemetry\opentelemetry-sdk\1.36.0\opentelemetry-sdk-1.36.0.jar;C:\Users\andre\.m2\repository\io\opentelemetry\opentelemetry-sdk-common\1.36.0\opentelemetry-sdk-common-1.36.0.jar;C:\Users\andre\.m2\repository\io\opentelemetry\opentelemetry-sdk-trace\1.36.0\opentelemetry-sdk-trace-1.36.0.jar;C:\Users\andre\.m2\repository\io\opentelemetry\opentelemetry-extension-incubator\1.36.0-alpha\opentelemetry-extension-incubator-1.36.0-alpha.jar;C:\Users\andre\.m2\repository\io\opentelemetry\opentelemetry-sdk-metrics\1.36.0\opentelemetry-sdk-metrics-1.36.0.jar;C:\Users\andre\.m2\repository\io\opentelemetry\opentelemetry-sdk-logs\1.36.0\opentelemetry-sdk-logs-1.36.0.jar;C:\Users\andre\.m2\repository\io\opentelemetry\opentelemetry-api-events\1.36.0-alpha\opentelemetry-api-events-1.36.0-alpha.jar;C:\Users\andre\.m2\repository\io\opentelemetry\opentelemetry-exporter-otlp\1.36.0\opentelemetry-exporter-otlp-1.36.0.jar;C:\Users\andre\.m2\repository\io\opentelemetry\opentelemetry-exporter-otlp-common\1.36.0\opentelemetry-exporter-otlp-common-1.36.0.jar;C:\Users\andre\.m2\repository\io\opentelemetry\opentelemetry-exporter-common\1.36.0\opentelemetry-exporter-common-1.36.0.jar;C:\Users\andre\.m2\repository\io\opentelemetry\opentelemetry-exporter-sender-okhttp\1.36.0\opentelemetry-exporter-sender-okhttp-1.36.0.jar;C:\Users\andre\.m2\repository\com\squareup\okhttp3\okhttp\4.12.0\okhttp-4.12.0.jar;C:\Users\andre\.m2\repository\com\squareup\okio\okio\3.6.0\okio-3.6.0.jar;C:\Users\andre\.m2\repository\com\squareup\okio\okio-jvm\3.6.0\okio-jvm-3.6.0.jar;C:\Users\andre\.m2\repository\org\jetbrains\kotlin\kotlin-stdlib-common\1.9.10\kotlin-stdlib-common-1.9.10.jar;C:\Users\andre\.m2\repository\org\jetbrains\kotlin\kotlin-stdlib-jdk8\1.8.21\kotlin-stdlib-jdk8-1.8.21.jar;C:\Users\andre\.m2\repository\org\jetbrains\kotlin\kotlin-stdlib\1.8.21\kotlin-stdlib-1.8.21.jar;C:\Users\andre\.m2\repository\org\jetbrains\annotations\13.0\annotations-13.0.jar;C:\Users\andre\.m2\repository\org\jetbrains\kotlin\kotlin-stdlib-jdk7\1.8.21\kotlin-stdlib-jdk7-1.8.21.jar;C:\Users\andre\.m2\repository\io\opentelemetry\opentelemetry-sdk-extension-autoconfigure-spi\1.36.0\opentelemetry-sdk-extension-autoconfigure-spi-1.36.0.jar;C:\Users\andre\.m2\repository\com\github\jnr\jnr-ffi\2.2.12\jnr-ffi-2.2.12.jar;C:\Users\andre\.m2\repository\com\github\jnr\jffi\1.3.9\jffi-1.3.9.jar;C:\Users\andre\.m2\repository\com\github\jnr\jffi\1.3.9\jffi-1.3.9-native.jar;C:\Users\andre\.m2\repository\org\ow2\asm\asm\9.2\asm-9.2.jar;C:\Users\andre\.m2\repository\org\ow2\asm\asm-commons\9.2\asm-commons-9.2.jar;C:\Users\andre\.m2\repository\org\ow2\asm\asm-analysis\9.2\asm-analysis-9.2.jar;C:\Users\andre\.m2\repository\org\ow2\asm\asm-tree\9.2\asm-tree-9.2.jar;C:\Users\andre\.m2\repository\org\ow2\asm\asm-util\9.2\asm-util-9.2.jar;C:\Users\andre\.m2\repository\com\github\jnr\jnr-a64asm\1.0.0\jnr-a64asm-1.0.0.jar;C:\Users\andre\.m2\repository\com\github\jnr\jnr-x86asm\1.0.2\jnr-x86asm-1.0.2.jar;C:\Users\andre\.m2\repository\io\opentelemetry\opentelemetry-sdk-testing\1.36.0\opentelemetry-sdk-testing-1.36.0.jar;C:\Users\andre\.m2\repository\org\junit\jupiter\junit-jupiter\5.9.3\junit-jupiter-5.9.3.jar;C:\Users\andre\.m2\repository\org\junit\jupiter\junit-jupiter-api\5.9.3\junit-jupiter-api-5.9.3.jar;C:\Users\andre\.m2\repository\org\opentest4j\opentest4j\1.2.0\opentest4j-1.2.0.jar;C:\Users\andre\.m2\repository\org\junit\platform\junit-platform-commons\1.9.3\junit-platform-commons-1.9.3.jar;C:\Users\andre\.m2\repository\org\apiguardian\apiguardian-api\1.1.2\apiguardian-api-1.1.2.jar;C:\Users\andre\.m2\repository\org\junit\jupiter\junit-jupiter-params\5.9.3\junit-jupiter-params-5.9.3.jar;C:\Users\andre\.m2\repository\org\junit\jupiter\junit-jupiter-engine\5.9.3\junit-jupiter-engine-5.9.3.jar;C:\Users\andre\.m2\repository\org\junit\platform\junit-platform-engine\1.9.3\junit-platform-engine-1.9.3.jar;C:\Users\andre\.m2\repository\org\openjdk\jmh\jmh-core\1.36\jmh-core-1.36.jar;C:\Users\andre\.m2\repository\net\sf\jopt-simple\jopt-simple\5.0.4\jopt-simple-5.0.4.jar;C:\Users\andre\.m2\repository\org\apache\commons\commons-math3\3.2\commons-math3-3.2.jar;C:\Users\andre\.m2\repository\org\openjdk\jmh\jmh-generator-annprocess\1.36\jmh-generator-annprocess-1.36.jar;"/>
    <property name="sun.cpu.endian" value="little"/>
    <property name="user.home" value="C:\Users\andre"/>
    <property name="user.language" value="en"/>
    <property name="java.specification.vendor" value="Oracle Corporation"/>
    <property name="java.version.date" value="2025-09-16"/>
    <property name="java.home" value="d:\JDKs\java25"/>
    <property name="file.separator" value="\"/>
    <property name="basedir" value="D:\radar\test-code"/>
    <property name="java.vm.compressedOopsMode" value="Zero based"/>
    <property name="line.separator" value="&#10;"/>
    <property name="java.vm.specification.vendor" value="Oracle Corporation"/>
    <property name="java.specification.name" value="Java Platform API Specification"/>
    <property name="surefire.real.class.path" value="C:\Users\andre\AppData\Local\Temp\surefire5203370389983097382\surefirebooter-20250926062406473_3.jar"/>
    <property name="user.script" value=""/>
    <property name="sun.management.compiler" value="HotSpot 64-Bit Tiered Compilers"/>
    <property name="java.runtime.version" value="25+36-3489"/>
    <property name="user.name" value="andre"/>
    <property name="stdout.encoding" value="Cp1252"/>
    <property name="path.separator" value=";"/>
    <property name="os.version" value="10.0"/>
    <property name="java.runtime.name" value="OpenJDK Runtime Environment"/>
    <property name="file.encoding" value="UTF-8"/>
    <property name="java.vm.name" value="OpenJDK 64-Bit Server VM"/>
    <property name="localRepository" value="C:\Users\andre\.m2\repository"/>
    <property name="java.vendor.url.bug" value="https://bugreport.java.com/bugreport/"/>
    <property name="java.io.tmpdir" value="C:\Users\andre\AppData\Local\Temp\"/>
    <property name="java.version" value="25"/>
    <property name="user.dir" value="D:\radar\test-code"/>
    <property name="os.arch" value="amd64"/>
    <property name="java.vm.specification.name" value="Java Virtual Machine Specification"/>
    <property name="sun.os.patch.level" value=""/>
    <property name="native.encoding" value="Cp1252"/>
    <property name="java.library.path" value="C:\Windows\System32\Npcap;C:\Windows\System32"/>
    <property name="java.vm.info" value="mixed mode, sharing"/>
    <property name="stderr.encoding" value="Cp1252"/>
    <property name="java.vendor" value="Oracle Corporation"/>
    <property name="java.vm.version" value="25+36-3489"/>
    <property name="stdin.encoding" value="Cp1252"/>
    <property name="jnr.ffi.library.path" value="C:\Windows\System32\Npcap;C:\Windows\System32"/>
    <property name="sun.io.unicode.encoding" value="UnicodeLittle"/>
    <property name="java.class.version" value="69.0"/>
  </properties>
  <testcase name="offlineTn3270CaptureFeedsAssembler" classname="ca.gc.cra.radar.application.pipeline.OfflineCaptureIntegrationTest" time="0.116">
    <system-out><![CDATA[2025-09-26T06:24:08.805-03:00 [main] INFO  c.g.c.r.c.pcap.PcapFilePacketSource - Applied BPF filter 'tcp and (port 23 or port 992)' to offline capture 
2025-09-26T06:24:08.805-03:00 [main] INFO  c.g.c.r.c.pcap.PcapFilePacketSource - Offline capture opened for D:\radar\test-code\src\test\resources\pcap\tn3270_min.pcap (snaplen=65535, datalink=1 EN10MB) 
2025-09-26T06:24:08.805-03:00 [main] INFO  c.g.c.r.a.p.SegmentCaptureUseCase - Capture packet source started 
2025-09-26T06:24:08.811-03:00 [main] INFO  c.g.c.r.c.pcap.PcapFilePacketSource - Offline capture closed for D:\radar\test-code\src\test\resources\pcap\tn3270_min.pcap after 3 packets 
2025-09-26T06:24:08.811-03:00 [main] INFO  c.g.c.r.a.p.SegmentCaptureUseCase - Capture packet source exhausted; stopping capture loop 
2025-09-26T06:24:08.811-03:00 [main] INFO  c.g.c.r.a.p.SegmentCaptureUseCase - Capture persistence flushed after 2 segments 
2025-09-26T06:24:08.812-03:00 [main] INFO  c.g.c.r.a.p.SegmentCaptureUseCase - Capture persistence port closed 
2025-09-26T06:24:08.812-03:00 [main] INFO  c.g.c.r.c.pcap.PcapFilePacketSource - Offline capture closed for D:\radar\test-code\src\test\resources\pcap\tn3270_min.pcap after 3 packets 
2025-09-26T06:24:08.812-03:00 [main] INFO  c.g.c.r.a.p.SegmentCaptureUseCase - Capture packet source closed 
2025-09-26T06:24:08.858-03:00 [main] INFO  c.g.c.r.a.pipeline.AssembleUseCase - Assemble pipeline reading from C:\Users\andre\AppData\Local\Temp\junit17354772577351677717\tn-segments assemble.in=C:\Users\andre\AppData\Local\Temp\junit17354772577351677717\tn-segments
2025-09-26T06:24:08.872-03:00 [main] INFO  c.g.c.r.a.pipeline.AssembleUseCase - Assemble pipeline flushed 0 message pairs from 2 segments assemble.in=C:\Users\andre\AppData\Local\Temp\junit17354772577351677717\tn-segments
2025-09-26T06:24:08.875-03:00 [main] INFO  c.g.c.r.a.pipeline.AssembleUseCase - Assemble flow engine closed assemble.in=C:\Users\andre\AppData\Local\Temp\junit17354772577351677717\tn-segments
]]></system-out>
  </testcase>
  <testcase name="offlineCaptureFeedsAssemblePipeline" classname="ca.gc.cra.radar.application.pipeline.OfflineCaptureIntegrationTest" time="0.031">
    <system-out><![CDATA[2025-09-26T06:24:08.887-03:00 [main] INFO  c.g.c.r.c.pcap.PcapFilePacketSource - Applied BPF filter 'tcp port 80' to offline capture 
2025-09-26T06:24:08.887-03:00 [main] INFO  c.g.c.r.c.pcap.PcapFilePacketSource - Offline capture opened for D:\radar\test-code\src\test\resources\pcap\http_get.pcap (snaplen=65535, datalink=1 EN10MB) 
2025-09-26T06:24:08.887-03:00 [main] INFO  c.g.c.r.a.p.SegmentCaptureUseCase - Capture packet source started 
2025-09-26T06:24:08.888-03:00 [main] INFO  c.g.c.r.c.pcap.PcapFilePacketSource - Offline capture closed for D:\radar\test-code\src\test\resources\pcap\http_get.pcap after 1 packets 
2025-09-26T06:24:08.888-03:00 [main] INFO  c.g.c.r.a.p.SegmentCaptureUseCase - Capture packet source exhausted; stopping capture loop 
2025-09-26T06:24:08.888-03:00 [main] INFO  c.g.c.r.a.p.SegmentCaptureUseCase - Capture persistence flushed after 1 segments 
2025-09-26T06:24:08.888-03:00 [main] INFO  c.g.c.r.a.p.SegmentCaptureUseCase - Capture persistence port closed 
2025-09-26T06:24:08.888-03:00 [main] INFO  c.g.c.r.c.pcap.PcapFilePacketSource - Offline capture closed for D:\radar\test-code\src\test\resources\pcap\http_get.pcap after 1 packets 
2025-09-26T06:24:08.888-03:00 [main] INFO  c.g.c.r.a.p.SegmentCaptureUseCase - Capture packet source closed 
2025-09-26T06:24:08.896-03:00 [main] INFO  c.g.c.r.a.pipeline.AssembleUseCase - Assemble pipeline reading from C:\Users\andre\AppData\Local\Temp\junit2815813154540131969\segments assemble.in=C:\Users\andre\AppData\Local\Temp\junit2815813154540131969\segments
2025-09-26T06:24:08.903-03:00 [main] INFO  c.g.c.r.a.pipeline.AssembleUseCase - Assemble pipeline flushed 0 message pairs from 1 segments assemble.in=C:\Users\andre\AppData\Local\Temp\junit2815813154540131969\segments
2025-09-26T06:24:08.905-03:00 [main] INFO  c.g.c.r.a.pipeline.AssembleUseCase - Assemble flow engine closed assemble.in=C:\Users\andre\AppData\Local\Temp\junit2815813154540131969\segments
]]></system-out>
  </testcase>
</testsuite>